<?xml version="1.0" encoding="UTF-8"?>
<!-- Generated by org.testng.reporters.JUnitReportReporter -->
<testsuite hostname="SarthakDell" failures="0" tests="1" name="students.Check" time="7.926" errors="0" timestamp="2023-08-10T16:38:10 GMT-04:00" skipped="0">
  <testcase classname="students.Check" name="loginTest" time="7.926"/>
</testsuite> <!-- students.Check -->
