<?xml version="1.0" encoding="UTF-8"?>
<!-- Generated by org.testng.reporters.JUnitReportReporter -->
<testsuite hostname="SarthakDell" failures="0" tests="1" name="august_30_2023_content.Flipkart" time="6.164" errors="0" timestamp="2023-08-30T14:53:55 GMT-04:00" skipped="0">
  <testcase classname="august_30_2023_content.Flipkart" name="totalLinksVerifyTest" time="6.164"/>
</testsuite> <!-- august_30_2023_content.Flipkart -->
