<?xml version="1.0" encoding="UTF-8"?>
<!-- Generated by org.testng.reporters.JUnitReportReporter -->
<testsuite hostname="SarthakDell" failures="0" tests="1" name="interview.Selenium_GoogleCapture" time="4.943" errors="0" timestamp="2023-10-10T16:26:45 GMT-04:00" skipped="0">
  <testcase classname="interview.Selenium_GoogleCapture" name="check" time="4.943"/>
</testsuite> <!-- interview.Selenium_GoogleCapture -->
