<?xml version="1.0" encoding="UTF-8"?>
<!-- Generated by org.testng.reporters.JUnitReportReporter -->
<testsuite hostname="SarthakDell" failures="0" tests="1" name="canada_Batch_Aug31_2023.Video3" time="36.146" errors="0" timestamp="2023-08-31T18:56:54 GMT-04:00" skipped="0">
  <testcase classname="canada_Batch_Aug31_2023.Video3" name="verifyStaleElementReeferenceException" time="36.146"/>
</testsuite> <!-- canada_Batch_Aug31_2023.Video3 -->
