<?xml version="1.0" encoding="UTF-8"?>
<!-- Generated by org.testng.reporters.JUnitReportReporter -->
<testsuite hostname="SarthakDell" failures="0" tests="1" name="canada_Batch_Aug31_2023.Video4" time="4.852" errors="0" timestamp="2023-08-31T19:26:59 GMT-04:00" skipped="0">
  <testcase classname="canada_Batch_Aug31_2023.Video4" name="bbcNewsWebsite" time="4.852"/>
</testsuite> <!-- canada_Batch_Aug31_2023.Video4 -->
