<?xml version="1.0" encoding="UTF-8"?>
<!-- Generated by org.testng.reporters.JUnitReportReporter -->
<testsuite hostname="SarthakDell" failures="0" tests="5" name="applyingDateTimeStampAutomation.RediffLoginParameterizedDataFromExcel" time="23.008" errors="0" timestamp="2023-08-26T15:19:40 GMT-04:00" skipped="0">
  <testcase classname="applyingDateTimeStampAutomation.RediffLoginParameterizedDataFromExcel" name="rediffLoginData" time="4.018"/>
  <testcase classname="applyingDateTimeStampAutomation.RediffLoginParameterizedDataFromExcel" name="rediffLoginData" time="6.382"/>
  <testcase classname="applyingDateTimeStampAutomation.RediffLoginParameterizedDataFromExcel" name="rediffLoginData" time="4.216"/>
  <testcase classname="applyingDateTimeStampAutomation.RediffLoginParameterizedDataFromExcel" name="rediffLoginData" time="4.177"/>
  <testcase classname="applyingDateTimeStampAutomation.RediffLoginParameterizedDataFromExcel" name="rediffLoginData" time="4.215"/>
</testsuite> <!-- applyingDateTimeStampAutomation.RediffLoginParameterizedDataFromExcel -->
