<?xml version="1.0" encoding="UTF-8"?>
<!-- Generated by org.testng.reporters.JUnitReportReporter -->
<testsuite hostname="SarthakDell" failures="0" tests="1" name="august_30_2023_content.Video4_Calendar_datePicker_Part2" time="4.150" errors="0" timestamp="2023-08-30T16:44:13 GMT-04:00" skipped="0">
  <testcase classname="august_30_2023_content.Video4_Calendar_datePicker_Part2" name="dateUsingJavaScriptExecutor" time="4.150"/>
</testsuite> <!-- august_30_2023_content.Video4_Calendar_datePicker_Part2 -->
