<?xml version="1.0" encoding="UTF-8"?>
<!-- Generated by org.testng.reporters.JUnitReportReporter -->
<testsuite hostname="SarthakDell" failures="0" tests="1" name="com.interview.gayatri.LoginTest" time="4.215" errors="0" timestamp="2023-10-27T16:24:59 EDT" skipped="0">
  <testcase classname="com.interview.gayatri.LoginTest" name="loginScenario1" time="4.215"/>
</testsuite> <!-- com.interview.gayatri.LoginTest -->
