<?xml version="1.0" encoding="UTF-8"?>
<!-- Generated by org.testng.reporters.JUnitReportReporter -->
<testsuite hostname="SarthakDell" failures="0" tests="1" name="com.november_11_2023_Content.LoopingDropdown_EaseMyTrip" time="9.046" errors="0" timestamp="2023-11-11T00:23:31 EST" skipped="0">
  <testcase classname="com.november_11_2023_Content.LoopingDropdown_EaseMyTrip" name="easeMyTrip" time="9.046"/>
</testsuite> <!-- com.november_11_2023_Content.LoopingDropdown_EaseMyTrip -->
