<?xml version="1.0" encoding="UTF-8"?>
<!-- Generated by org.testng.reporters.JUnitReportReporter -->
<testsuite hostname="SarthakDell" failures="0" tests="1" name="august_30_2023_content.Video4_Calendar_datePicker_Part1" time="6.822" errors="0" timestamp="2023-08-30T16:33:37 GMT-04:00" skipped="0">
  <testcase classname="august_30_2023_content.Video4_Calendar_datePicker_Part1" name="verifyWithCustomizedDateSelection" time="6.822"/>
</testsuite> <!-- august_30_2023_content.Video4_Calendar_datePicker_Part1 -->
